This file contains any messages produced by compilers while
running configure, to aid debugging if configure makes a mistake.

It was created by gtkspell3 configure 3.0.6, which was
generated by GNU Autoconf 2.69.  Invocation command line was

  $ ./configure 

## --------- ##
## Platform. ##
## --------- ##

hostname = ubuntu
uname -m = x86_64
uname -r = 3.13.0-37-generic
uname -s = Linux
uname -v = #64-Ubuntu SMP Mon Sep 22 21:28:38 UTC 2014

/usr/bin/uname -p = unknown
/bin/uname -X     = unknown

/bin/arch              = unknown
/usr/bin/arch -k       = unknown
/usr/convex/getsysinfo = unknown
/usr/bin/hostinfo      = unknown
/bin/machine           = unknown
/usr/bin/oslevel       = unknown
/bin/universe          = unknown

PATH: /usr/local/sbin
PATH: /usr/local/bin
PATH: /usr/sbin
PATH: /usr/bin
PATH: /sbin
PATH: /bin
PATH: /usr/games
PATH: /usr/local/games


## ----------- ##
## Core tests. ##
## ----------- ##

configure:2452: checking build system type
configure:2466: result: x86_64-unknown-linux-gnu
configure:2486: checking host system type
configure:2499: result: x86_64-unknown-linux-gnu
configure:2536: checking for a BSD-compatible install
configure:2604: result: /usr/bin/install -c
configure:2615: checking whether build environment is sane
configure:2670: result: yes
configure:2821: checking for a thread-safe mkdir -p
configure:2860: result: /bin/mkdir -p
configure:2867: checking for gawk
configure:2897: result: no
configure:2867: checking for mawk
configure:2883: found /usr/bin/mawk
configure:2894: result: mawk
configure:2905: checking whether make sets $(MAKE)
configure:2927: result: yes
configure:2956: checking whether make supports nested variables
configure:2973: result: yes
configure:3110: checking whether make supports nested variables
configure:3127: result: yes
configure:3151: checking for style of include used by make
configure:3179: result: GNU
configure:3250: checking for gcc
configure:3266: found /usr/bin/gcc
configure:3277: result: gcc
configure:3506: checking for C compiler version
configure:3515: gcc --version >&5
gcc (Ubuntu 4.8.2-19ubuntu1) 4.8.2
Copyright (C) 2013 Free Software Foundation, Inc.
This is free software; see the source for copying conditions.  There is NO
warranty; not even for MERCHANTABILITY or FITNESS FOR A PARTICULAR PURPOSE.

configure:3526: $? = 0
configure:3515: gcc -v >&5
Using built-in specs.
COLLECT_GCC=gcc
COLLECT_LTO_WRAPPER=/usr/lib/gcc/x86_64-linux-gnu/4.8/lto-wrapper
Target: x86_64-linux-gnu
Configured with: ../src/configure -v --with-pkgversion='Ubuntu 4.8.2-19ubuntu1' --with-bugurl=file:///usr/share/doc/gcc-4.8/README.Bugs --enable-languages=c,c++,java,go,d,fortran,objc,obj-c++ --prefix=/usr --program-suffix=-4.8 --enable-shared --enable-linker-build-id --libexecdir=/usr/lib --without-included-gettext --enable-threads=posix --with-gxx-include-dir=/usr/include/c++/4.8 --libdir=/usr/lib --enable-nls --with-sysroot=/ --enable-clocale=gnu --enable-libstdcxx-debug --enable-libstdcxx-time=yes --enable-gnu-unique-object --disable-libmudflap --enable-plugin --with-system-zlib --disable-browser-plugin --enable-java-awt=gtk --enable-gtk-cairo --with-java-home=/usr/lib/jvm/java-1.5.0-gcj-4.8-amd64/jre --enable-java-home --with-jvm-root-dir=/usr/lib/jvm/java-1.5.0-gcj-4.8-amd64 --with-jvm-jar-dir=/usr/lib/jvm-exports/java-1.5.0-gcj-4.8-amd64 --with-arch-directory=amd64 --with-ecj-jar=/usr/share/java/eclipse-ecj.jar --enable-objc-gc --enable-multiarch --disable-werror --with-arch-32=i686 --with-abi=m64 --with-multilib-list=m32,m64,mx32 --with-tune=generic --enable-checking=release --build=x86_64-linux-gnu --host=x86_64-linux-gnu --target=x86_64-linux-gnu
Thread model: posix
gcc version 4.8.2 (Ubuntu 4.8.2-19ubuntu1) 
configure:3526: $? = 0
configure:3515: gcc -V >&5
gcc: error: unrecognized command line option '-V'
gcc: fatal error: no input files
compilation terminated.
configure:3526: $? = 4
configure:3515: gcc -qversion >&5
gcc: error: unrecognized command line option '-qversion'
gcc: fatal error: no input files
compilation terminated.
configure:3526: $? = 4
configure:3546: checking whether the C compiler works
configure:3568: gcc    conftest.c  >&5
configure:3572: $? = 0
configure:3620: result: yes
configure:3623: checking for C compiler default output file name
configure:3625: result: a.out
configure:3631: checking for suffix of executables
configure:3638: gcc -o conftest    conftest.c  >&5
configure:3642: $? = 0
configure:3664: result: 
configure:3686: checking whether we are cross compiling
configure:3694: gcc -o conftest    conftest.c  >&5
configure:3698: $? = 0
configure:3705: ./conftest
configure:3709: $? = 0
configure:3724: result: no
configure:3729: checking for suffix of object files
configure:3751: gcc -c   conftest.c >&5
configure:3755: $? = 0
configure:3776: result: o
configure:3780: checking whether we are using the GNU C compiler
configure:3799: gcc -c   conftest.c >&5
configure:3799: $? = 0
configure:3808: result: yes
configure:3817: checking whether gcc accepts -g
configure:3837: gcc -c -g  conftest.c >&5
configure:3837: $? = 0
configure:3878: result: yes
configure:3895: checking for gcc option to accept ISO C89
configure:3958: gcc  -c -g -O2  conftest.c >&5
configure:3958: $? = 0
configure:3971: result: none needed
configure:3996: checking whether gcc understands -c and -o together
configure:4018: gcc -c conftest.c -o conftest2.o
configure:4021: $? = 0
configure:4018: gcc -c conftest.c -o conftest2.o
configure:4021: $? = 0
configure:4033: result: yes
configure:4052: checking dependency style of gcc
configure:4163: result: gcc3
configure:4228: checking for ar
configure:4244: found /usr/bin/ar
configure:4255: result: ar
configure:4281: checking the archiver (ar) interface
configure:4297: gcc -c -g -O2  conftest.c >&5
configure:4297: $? = 0
configure:4299: ar cru libconftest.a conftest.o >&5
configure:4302: $? = 0
configure:4330: result: ar
configure:4407: checking for gcc
configure:4434: result: gcc
configure:4663: checking for C compiler version
configure:4672: gcc --version >&5
gcc (Ubuntu 4.8.2-19ubuntu1) 4.8.2
Copyright (C) 2013 Free Software Foundation, Inc.
This is free software; see the source for copying conditions.  There is NO
warranty; not even for MERCHANTABILITY or FITNESS FOR A PARTICULAR PURPOSE.

configure:4683: $? = 0
configure:4672: gcc -v >&5
Using built-in specs.
COLLECT_GCC=gcc
COLLECT_LTO_WRAPPER=/usr/lib/gcc/x86_64-linux-gnu/4.8/lto-wrapper
Target: x86_64-linux-gnu
Configured with: ../src/configure -v --with-pkgversion='Ubuntu 4.8.2-19ubuntu1' --with-bugurl=file:///usr/share/doc/gcc-4.8/README.Bugs --enable-languages=c,c++,java,go,d,fortran,objc,obj-c++ --prefix=/usr --program-suffix=-4.8 --enable-shared --enable-linker-build-id --libexecdir=/usr/lib --without-included-gettext --enable-threads=posix --with-gxx-include-dir=/usr/include/c++/4.8 --libdir=/usr/lib --enable-nls --with-sysroot=/ --enable-clocale=gnu --enable-libstdcxx-debug --enable-libstdcxx-time=yes --enable-gnu-unique-object --disable-libmudflap --enable-plugin --with-system-zlib --disable-browser-plugin --enable-java-awt=gtk --enable-gtk-cairo --with-java-home=/usr/lib/jvm/java-1.5.0-gcj-4.8-amd64/jre --enable-java-home --with-jvm-root-dir=/usr/lib/jvm/java-1.5.0-gcj-4.8-amd64 --with-jvm-jar-dir=/usr/lib/jvm-exports/java-1.5.0-gcj-4.8-amd64 --with-arch-directory=amd64 --with-ecj-jar=/usr/share/java/eclipse-ecj.jar --enable-objc-gc --enable-multiarch --disable-werror --with-arch-32=i686 --with-abi=m64 --with-multilib-list=m32,m64,mx32 --with-tune=generic --enable-checking=release --build=x86_64-linux-gnu --host=x86_64-linux-gnu --target=x86_64-linux-gnu
Thread model: posix
gcc version 4.8.2 (Ubuntu 4.8.2-19ubuntu1) 
configure:4683: $? = 0
configure:4672: gcc -V >&5
gcc: error: unrecognized command line option '-V'
gcc: fatal error: no input files
compilation terminated.
configure:4683: $? = 4
configure:4672: gcc -qversion >&5
gcc: error: unrecognized command line option '-qversion'
gcc: fatal error: no input files
compilation terminated.
configure:4683: $? = 4
configure:4687: checking whether we are using the GNU C compiler
configure:4715: result: yes
configure:4724: checking whether gcc accepts -g
configure:4785: result: yes
configure:4802: checking for gcc option to accept ISO C89
configure:4878: result: none needed
configure:4903: checking whether gcc understands -c and -o together
configure:4940: result: yes
configure:4959: checking dependency style of gcc
configure:5070: result: gcc3
configure:5181: checking for pkg-config
configure:5199: found /usr/bin/pkg-config
configure:5211: result: /usr/bin/pkg-config
configure:5236: checking pkg-config is at least version 0.9.0
configure:5239: result: yes
configure:5258: checking for gobject-introspection
configure:5289: $PKG_CONFIG --exists --print-errors "gobject-introspection-1.0 >= 1.30.0"
Package gobject-introspection-1.0 was not found in the pkg-config search path.
Perhaps you should add the directory containing `gobject-introspection-1.0.pc'
to the PKG_CONFIG_PATH environment variable
No package 'gobject-introspection-1.0' found
configure:5292: $? = 1
configure:5304: result: no
configure:5345: checking for valac
configure:5376: result: valac
configure:5407: WARNING: no proper vala compiler found
configure:5409: WARNING: you will not be able to compile vala source files
configure:5538: checking for pkg-config
configure:5568: result: /usr/bin/pkg-config
configure:5593: checking pkg-config is at least version 0.9.0
configure:5596: result: yes
configure:5606: $PKG_CONFIG --exists --print-errors "$vapigen_pkg"
Package vapigen was not found in the pkg-config search path.
Perhaps you should add the directory containing `vapigen.pc'
to the PKG_CONFIG_PATH environment variable
No package 'vapigen' found
configure:5609: $? = 1
configure:5635: checking for vapigen
configure:5657: result: no
configure:5728: checking whether NLS is requested
configure:5737: result: yes
configure:5755: checking for intltool >= 0.35.0
configure:5757: result: 0.50.2 found
configure:5765: checking for intltool-update
configure:5783: found /usr/bin/intltool-update
configure:5795: result: /usr/bin/intltool-update
configure:5805: checking for intltool-merge
configure:5823: found /usr/bin/intltool-merge
configure:5835: result: /usr/bin/intltool-merge
configure:5845: checking for intltool-extract
configure:5863: found /usr/bin/intltool-extract
configure:5875: result: /usr/bin/intltool-extract
configure:6029: checking for xgettext
configure:6047: found /usr/bin/xgettext
configure:6059: result: /usr/bin/xgettext
configure:6069: checking for msgmerge
configure:6087: found /usr/bin/msgmerge
configure:6099: result: /usr/bin/msgmerge
configure:6109: checking for msgfmt
configure:6127: found /usr/bin/msgfmt
configure:6139: result: /usr/bin/msgfmt
configure:6149: checking for gmsgfmt
configure:6180: result: /usr/bin/msgfmt
configure:6200: checking for perl
configure:6218: found /usr/bin/perl
configure:6230: result: /usr/bin/perl
configure:6241: checking for perl >= 5.8.1
configure:6248: result: 5.18.2
configure:6252: checking for XML::Parser
configure:6255: result: ok
configure:6280: gcc -o conftest -g -O2   conftest.c  >&5
configure:6280: $? = 0
configure:6318: checking how to run the C preprocessor
configure:6349: gcc -E  conftest.c
configure:6349: $? = 0
configure:6363: gcc -E  conftest.c
conftest.c:12:28: fatal error: ac_nonexistent.h: No such file or directory
 #include <ac_nonexistent.h>
                            ^
compilation terminated.
configure:6363: $? = 1
configure: failed program was:
| /* confdefs.h */
| #define PACKAGE_NAME "gtkspell3"
| #define PACKAGE_TARNAME "gtkspell3"
| #define PACKAGE_VERSION "3.0.6"
| #define PACKAGE_STRING "gtkspell3 3.0.6"
| #define PACKAGE_BUGREPORT ""
| #define PACKAGE_URL ""
| #define PACKAGE "gtkspell3"
| #define VERSION "3.0.6"
| #define GETTEXT_PACKAGE "gtkspell3"
| /* end confdefs.h.  */
| #include <ac_nonexistent.h>
configure:6388: result: gcc -E
configure:6408: gcc -E  conftest.c
configure:6408: $? = 0
configure:6422: gcc -E  conftest.c
conftest.c:12:28: fatal error: ac_nonexistent.h: No such file or directory
 #include <ac_nonexistent.h>
                            ^
compilation terminated.
configure:6422: $? = 1
configure: failed program was:
| /* confdefs.h */
| #define PACKAGE_NAME "gtkspell3"
| #define PACKAGE_TARNAME "gtkspell3"
| #define PACKAGE_VERSION "3.0.6"
| #define PACKAGE_STRING "gtkspell3 3.0.6"
| #define PACKAGE_BUGREPORT ""
| #define PACKAGE_URL ""
| #define PACKAGE "gtkspell3"
| #define VERSION "3.0.6"
| #define GETTEXT_PACKAGE "gtkspell3"
| /* end confdefs.h.  */
| #include <ac_nonexistent.h>
configure:6451: checking for grep that handles long lines and -e
configure:6509: result: /bin/grep
configure:6514: checking for egrep
configure:6576: result: /bin/grep -E
configure:6581: checking for ANSI C header files
configure:6601: gcc -c -g -O2  conftest.c >&5
configure:6601: $? = 0
configure:6674: gcc -o conftest -g -O2   conftest.c  >&5
configure:6674: $? = 0
configure:6674: ./conftest
configure:6674: $? = 0
configure:6685: result: yes
configure:6698: checking for sys/types.h
configure:6698: gcc -c -g -O2  conftest.c >&5
configure:6698: $? = 0
configure:6698: result: yes
configure:6698: checking for sys/stat.h
configure:6698: gcc -c -g -O2  conftest.c >&5
configure:6698: $? = 0
configure:6698: result: yes
configure:6698: checking for stdlib.h
configure:6698: gcc -c -g -O2  conftest.c >&5
configure:6698: $? = 0
configure:6698: result: yes
configure:6698: checking for string.h
configure:6698: gcc -c -g -O2  conftest.c >&5
configure:6698: $? = 0
configure:6698: result: yes
configure:6698: checking for memory.h
configure:6698: gcc -c -g -O2  conftest.c >&5
configure:6698: $? = 0
configure:6698: result: yes
configure:6698: checking for strings.h
configure:6698: gcc -c -g -O2  conftest.c >&5
configure:6698: $? = 0
configure:6698: result: yes
configure:6698: checking for inttypes.h
configure:6698: gcc -c -g -O2  conftest.c >&5
configure:6698: $? = 0
configure:6698: result: yes
configure:6698: checking for stdint.h
configure:6698: gcc -c -g -O2  conftest.c >&5
configure:6698: $? = 0
configure:6698: result: yes
configure:6698: checking for unistd.h
configure:6698: gcc -c -g -O2  conftest.c >&5
configure:6698: $? = 0
configure:6698: result: yes
configure:6713: checking locale.h usability
configure:6713: gcc -c -g -O2  conftest.c >&5
configure:6713: $? = 0
configure:6713: result: yes
configure:6713: checking locale.h presence
configure:6713: gcc -E  conftest.c
configure:6713: $? = 0
configure:6713: result: yes
configure:6713: checking for locale.h
configure:6713: result: yes
configure:6724: checking for LC_MESSAGES
configure:6740: gcc -o conftest -g -O2   conftest.c  >&5
configure:6740: $? = 0
configure:6748: result: yes
configure:6765: checking libintl.h usability
configure:6765: gcc -c -g -O2  conftest.c >&5
configure:6765: $? = 0
configure:6765: result: yes
configure:6765: checking libintl.h presence
configure:6765: gcc -E  conftest.c
configure:6765: $? = 0
configure:6765: result: yes
configure:6765: checking for libintl.h
configure:6765: result: yes
configure:6773: checking for ngettext in libc
configure:6791: gcc -o conftest -g -O2   conftest.c  >&5
configure:6791: $? = 0
configure:6800: result: yes
configure:6804: checking for dgettext in libc
configure:6822: gcc -o conftest -g -O2   conftest.c  >&5
configure:6822: $? = 0
configure:6831: result: yes
configure:6838: checking for bind_textdomain_codeset
configure:6838: gcc -o conftest -g -O2   conftest.c  >&5
configure:6838: $? = 0
configure:6838: result: yes
configure:7114: checking for msgfmt
configure:7141: result: /usr/bin/msgfmt
configure:7152: checking for dcgettext
configure:7152: gcc -o conftest -g -O2   conftest.c   >&5
conftest.c:49:6: warning: conflicting types for built-in function 'dcgettext' [enabled by default]
 char dcgettext ();
      ^
configure:7152: $? = 0
configure:7152: result: yes
configure:7162: checking if msgfmt accepts -c
configure:7177: $MSGFMT -c -o /dev/null conftest.foo
conftest.foo:3: warning: header field 'Language' missing in header
configure:7180: $? = 0
configure:7182: result: yes
configure:7192: checking for gmsgfmt
configure:7223: result: /usr/bin/msgfmt
configure:7233: checking for xgettext
configure:7260: result: /usr/bin/xgettext
configure:7279: gcc -o conftest -g -O2   conftest.c   >&5
configure:7279: $? = 0
configure:7465: checking how to print strings
configure:7492: result: printf
configure:7513: checking for a sed that does not truncate output
configure:7577: result: /bin/sed
configure:7595: checking for fgrep
configure:7657: result: /bin/grep -F
configure:7692: checking for ld used by gcc
configure:7759: result: /usr/bin/ld
configure:7766: checking if the linker (/usr/bin/ld) is GNU ld
configure:7781: result: yes
configure:7793: checking for BSD- or MS-compatible name lister (nm)
configure:7842: result: /usr/bin/nm -B
configure:7972: checking the name lister (/usr/bin/nm -B) interface
configure:7979: gcc -c -g -O2  conftest.c >&5
configure:7982: /usr/bin/nm -B "conftest.o"
configure:7985: output
0000000000000000 B some_variable
configure:7992: result: BSD nm
configure:7995: checking whether ln -s works
configure:7999: result: yes
configure:8007: checking the maximum length of command line arguments
configure:8137: result: 1572864
configure:8154: checking whether the shell understands some XSI constructs
configure:8164: result: yes
configure:8168: checking whether the shell understands "+="
configure:8174: result: yes
configure:8209: checking how to convert x86_64-unknown-linux-gnu file names to x86_64-unknown-linux-gnu format
configure:8249: result: func_convert_file_noop
configure:8256: checking how to convert x86_64-unknown-linux-gnu file names to toolchain format
configure:8276: result: func_convert_file_noop
configure:8283: checking for /usr/bin/ld option to reload object files
configure:8290: result: -r
configure:8364: checking for objdump
configure:8380: found /usr/bin/objdump
configure:8391: result: objdump
configure:8423: checking how to recognize dependent libraries
configure:8625: result: pass_all
configure:8710: checking for dlltool
configure:8740: result: no
configure:8770: checking how to associate runtime and link libraries
configure:8797: result: printf %s\n
configure:8921: checking for archiver @FILE support
configure:8938: gcc -c -g -O2  conftest.c >&5
configure:8938: $? = 0
configure:8941: ar cru libconftest.a @conftest.lst >&5
configure:8944: $? = 0
configure:8949: ar cru libconftest.a @conftest.lst >&5
ar: conftest.o: No such file or directory
configure:8952: $? = 1
configure:8964: result: @
configure:9022: checking for strip
configure:9038: found /usr/bin/strip
configure:9049: result: strip
configure:9121: checking for ranlib
configure:9137: found /usr/bin/ranlib
configure:9148: result: ranlib
configure:9250: checking command to parse /usr/bin/nm -B output from gcc object
configure:9370: gcc -c -g -O2  conftest.c >&5
configure:9373: $? = 0
configure:9377: /usr/bin/nm -B conftest.o \| sed -n -e 's/^.*[ ]\([ABCDGIRSTW][ABCDGIRSTW]*\)[ ][ ]*\([_A-Za-z][_A-Za-z0-9]*\)$/\1 \2 \2/p' | sed '/ __gnu_lto/d' \> conftest.nm
configure:9380: $? = 0
configure:9446: gcc -o conftest -g -O2   conftest.c conftstm.o >&5
configure:9449: $? = 0
configure:9487: result: ok
configure:9524: checking for sysroot
configure:9554: result: no
configure:9631: gcc -c -g -O2  conftest.c >&5
configure:9634: $? = 0
configure:9816: checking for mt
configure:9832: found /bin/mt
configure:9843: result: mt
configure:9866: checking if mt is a manifest tool
configure:9872: mt '-?'
configure:9880: result: no
configure:10519: checking for dlfcn.h
configure:10519: gcc -c -g -O2  conftest.c >&5
configure:10519: $? = 0
configure:10519: result: yes
configure:10725: checking for objdir
configure:10740: result: .libs
configure:11011: checking if gcc supports -fno-rtti -fno-exceptions
configure:11029: gcc -c -g -O2  -fno-rtti -fno-exceptions conftest.c >&5
cc1: warning: command line option '-fno-rtti' is valid for C++/ObjC++ but not for C [enabled by default]
configure:11033: $? = 0
configure:11046: result: no
configure:11373: checking for gcc option to produce PIC
configure:11380: result: -fPIC -DPIC
configure:11388: checking if gcc PIC flag -fPIC -DPIC works
configure:11406: gcc -c -g -O2  -fPIC -DPIC -DPIC conftest.c >&5
configure:11410: $? = 0
configure:11423: result: yes
configure:11452: checking if gcc static flag -static works
configure:11480: result: yes
configure:11495: checking if gcc supports -c -o file.o
configure:11516: gcc -c -g -O2  -o out/conftest2.o conftest.c >&5
configure:11520: $? = 0
configure:11542: result: yes
configure:11550: checking if gcc supports -c -o file.o
configure:11597: result: yes
configure:11630: checking whether the gcc linker (/usr/bin/ld -m elf_x86_64) supports shared libraries
configure:12783: result: yes
configure:12820: checking whether -lc should be explicitly linked in
configure:12828: gcc -c -g -O2  conftest.c >&5
configure:12831: $? = 0
configure:12846: gcc -shared  -fPIC -DPIC conftest.o  -v -Wl,-soname -Wl,conftest -o conftest 2\>\&1 \| /bin/grep  -lc  \>/dev/null 2\>\&1
configure:12849: $? = 0
configure:12863: result: no
configure:13023: checking dynamic linker characteristics
configure:13534: gcc -o conftest -g -O2   -Wl,-rpath -Wl,/foo conftest.c  >&5
configure:13534: $? = 0
configure:13760: result: GNU/Linux ld.so
configure:13867: checking how to hardcode library paths into programs
configure:13892: result: immediate
configure:14432: checking whether stripping libraries is possible
configure:14437: result: yes
configure:14472: checking if libtool supports shared libraries
configure:14474: result: yes
configure:14477: checking whether to build shared libraries
configure:14498: result: yes
configure:14501: checking whether to build static libraries
configure:14505: result: yes
configure:14548: checking for GTK_SPELL3
configure:14555: $PKG_CONFIG --exists --print-errors "$GTKSPELL3_MODULES"
Package enchant was not found in the pkg-config search path.
Perhaps you should add the directory containing `enchant.pc'
to the PKG_CONFIG_PATH environment variable
No package 'enchant' found
configure:14558: $? = 1
configure:14572: $PKG_CONFIG --exists --print-errors "$GTKSPELL3_MODULES"
Package enchant was not found in the pkg-config search path.
Perhaps you should add the directory containing `enchant.pc'
to the PKG_CONFIG_PATH environment variable
No package 'enchant' found
configure:14575: $? = 1
configure:14589: result: no
No package 'enchant' found
configure:14605: error: Package requirements (glib-2.0 gtk+-3.0 enchant) were not met:

No package 'enchant' found

Consider adjusting the PKG_CONFIG_PATH environment variable if you
installed software in a non-standard prefix.

Alternatively, you may set the environment variables GTK_SPELL3_CFLAGS
and GTK_SPELL3_LIBS to avoid the need to call pkg-config.
See the pkg-config man page for more details.

## ---------------- ##
## Cache variables. ##
## ---------------- ##

ac_cv_build=x86_64-unknown-linux-gnu
ac_cv_c_compiler_gnu=yes
ac_cv_env_CC_set=
ac_cv_env_CC_value=
ac_cv_env_CFLAGS_set=
ac_cv_env_CFLAGS_value=
ac_cv_env_CPPFLAGS_set=
ac_cv_env_CPPFLAGS_value=
ac_cv_env_CPP_set=
ac_cv_env_CPP_value=
ac_cv_env_GTKDOC_DEPS_CFLAGS_set=
ac_cv_env_GTKDOC_DEPS_CFLAGS_value=
ac_cv_env_GTKDOC_DEPS_LIBS_set=
ac_cv_env_GTKDOC_DEPS_LIBS_value=
ac_cv_env_GTK_SPELL2_CFLAGS_set=
ac_cv_env_GTK_SPELL2_CFLAGS_value=
ac_cv_env_GTK_SPELL2_LIBS_set=
ac_cv_env_GTK_SPELL2_LIBS_value=
ac_cv_env_GTK_SPELL3_CFLAGS_set=
ac_cv_env_GTK_SPELL3_CFLAGS_value=
ac_cv_env_GTK_SPELL3_LIBS_set=
ac_cv_env_GTK_SPELL3_LIBS_value=
ac_cv_env_LDFLAGS_set=
ac_cv_env_LDFLAGS_value=
ac_cv_env_LIBS_set=
ac_cv_env_LIBS_value=
ac_cv_env_PKG_CONFIG_LIBDIR_set=
ac_cv_env_PKG_CONFIG_LIBDIR_value=
ac_cv_env_PKG_CONFIG_PATH_set=
ac_cv_env_PKG_CONFIG_PATH_value=
ac_cv_env_PKG_CONFIG_set=
ac_cv_env_PKG_CONFIG_value=
ac_cv_env_build_alias_set=
ac_cv_env_build_alias_value=
ac_cv_env_host_alias_set=
ac_cv_env_host_alias_value=
ac_cv_env_target_alias_set=
ac_cv_env_target_alias_value=
ac_cv_func_bind_textdomain_codeset=yes
ac_cv_func_dcgettext=yes
ac_cv_header_dlfcn_h=yes
ac_cv_header_inttypes_h=yes
ac_cv_header_libintl_h=yes
ac_cv_header_locale_h=yes
ac_cv_header_memory_h=yes
ac_cv_header_stdc=yes
ac_cv_header_stdint_h=yes
ac_cv_header_stdlib_h=yes
ac_cv_header_string_h=yes
ac_cv_header_strings_h=yes
ac_cv_header_sys_stat_h=yes
ac_cv_header_sys_types_h=yes
ac_cv_header_unistd_h=yes
ac_cv_host=x86_64-unknown-linux-gnu
ac_cv_objext=o
ac_cv_path_EGREP='/bin/grep -E'
ac_cv_path_FGREP='/bin/grep -F'
ac_cv_path_GMSGFMT=/usr/bin/msgfmt
ac_cv_path_GREP=/bin/grep
ac_cv_path_INTLTOOL_EXTRACT=/usr/bin/intltool-extract
ac_cv_path_INTLTOOL_MERGE=/usr/bin/intltool-merge
ac_cv_path_INTLTOOL_PERL=/usr/bin/perl
ac_cv_path_INTLTOOL_UPDATE=/usr/bin/intltool-update
ac_cv_path_MSGFMT=/usr/bin/msgfmt
ac_cv_path_MSGMERGE=/usr/bin/msgmerge
ac_cv_path_SED=/bin/sed
ac_cv_path_VALAC=valac
ac_cv_path_XGETTEXT=/usr/bin/xgettext
ac_cv_path_ac_pt_PKG_CONFIG=/usr/bin/pkg-config
ac_cv_path_install='/usr/bin/install -c'
ac_cv_path_mkdir=/bin/mkdir
ac_cv_prog_AWK=mawk
ac_cv_prog_CPP='gcc -E'
ac_cv_prog_ac_ct_AR=ar
ac_cv_prog_ac_ct_CC=gcc
ac_cv_prog_ac_ct_MANIFEST_TOOL=mt
ac_cv_prog_ac_ct_OBJDUMP=objdump
ac_cv_prog_ac_ct_RANLIB=ranlib
ac_cv_prog_ac_ct_STRIP=strip
ac_cv_prog_cc_c89=
ac_cv_prog_cc_g=yes
ac_cv_prog_make_make_set=yes
am_cv_CC_dependencies_compiler_type=gcc3
am_cv_ar_interface=ar
am_cv_make_support_nested_variables=yes
am_cv_prog_cc_c_o=yes
am_cv_val_LC_MESSAGES=yes
gt_cv_func_dgettext_libc=yes
gt_cv_func_dgettext_libintl=no
gt_cv_func_ngettext_libc=yes
gt_cv_have_gettext=yes
lt_cv_ar_at_file=@
lt_cv_archive_cmds_need_lc=no
lt_cv_deplibs_check_method=pass_all
lt_cv_file_magic_cmd='$MAGIC_CMD'
lt_cv_file_magic_test_file=
lt_cv_ld_reload_flag=-r
lt_cv_nm_interface='BSD nm'
lt_cv_objdir=.libs
lt_cv_path_LD=/usr/bin/ld
lt_cv_path_NM='/usr/bin/nm -B'
lt_cv_path_mainfest_tool=no
lt_cv_prog_compiler_c_o=yes
lt_cv_prog_compiler_pic='-fPIC -DPIC'
lt_cv_prog_compiler_pic_works=yes
lt_cv_prog_compiler_rtti_exceptions=no
lt_cv_prog_compiler_static_works=yes
lt_cv_prog_gnu_ld=yes
lt_cv_sharedlib_from_linklib_cmd='printf %s\n'
lt_cv_shlibpath_overrides_runpath=no
lt_cv_sys_global_symbol_pipe='sed -n -e '\''s/^.*[	 ]\([ABCDGIRSTW][ABCDGIRSTW]*\)[	 ][	 ]*\([_A-Za-z][_A-Za-z0-9]*\)$/\1 \2 \2/p'\'' | sed '\''/ __gnu_lto/d'\'''
lt_cv_sys_global_symbol_to_c_name_address='sed -n -e '\''s/^: \([^ ]*\)[ ]*$/  {\"\1\", (void *) 0},/p'\'' -e '\''s/^[ABCDGIRSTW]* \([^ ]*\) \([^ ]*\)$/  {"\2", (void *) \&\2},/p'\'''
lt_cv_sys_global_symbol_to_c_name_address_lib_prefix='sed -n -e '\''s/^: \([^ ]*\)[ ]*$/  {\"\1\", (void *) 0},/p'\'' -e '\''s/^[ABCDGIRSTW]* \([^ ]*\) \(lib[^ ]*\)$/  {"\2", (void *) \&\2},/p'\'' -e '\''s/^[ABCDGIRSTW]* \([^ ]*\) \([^ ]*\)$/  {"lib\2", (void *) \&\2},/p'\'''
lt_cv_sys_global_symbol_to_cdecl='sed -n -e '\''s/^T .* \(.*\)$/extern int \1();/p'\'' -e '\''s/^[ABCDGIRSTW]* .* \(.*\)$/extern char \1;/p'\'''
lt_cv_sys_max_cmd_len=1572864
lt_cv_to_host_file_cmd=func_convert_file_noop
lt_cv_to_tool_file_cmd=func_convert_file_noop

## ----------------- ##
## Output variables. ##
## ----------------- ##

ACLOCAL='${SHELL} /home/shelby/Documents/OCR/src/gtkspell3-3.0.6/build/missing aclocal-1.14'
ALL_LINGUAS=''
AMDEPBACKSLASH='\'
AMDEP_FALSE='#'
AMDEP_TRUE=''
AMTAR='$${TAR-tar}'
AM_BACKSLASH='\'
AM_DEFAULT_V='$(AM_DEFAULT_VERBOSITY)'
AM_DEFAULT_VERBOSITY='0'
AM_V='$(V)'
AR='ar'
AUTOCONF='${SHELL} /home/shelby/Documents/OCR/src/gtkspell3-3.0.6/build/missing autoconf'
AUTOHEADER='${SHELL} /home/shelby/Documents/OCR/src/gtkspell3-3.0.6/build/missing autoheader'
AUTOMAKE='${SHELL} /home/shelby/Documents/OCR/src/gtkspell3-3.0.6/build/missing automake-1.14'
AWK='mawk'
CATALOGS=''
CATOBJEXT='.gmo'
CC='gcc'
CCDEPMODE='depmode=gcc3'
CFLAGS='-g -O2'
CPP='gcc -E'
CPPFLAGS=''
CYGPATH_W='echo'
DATADIRNAME='share'
DEFS=''
DEPDIR='.deps'
DLLTOOL='false'
DSYMUTIL=''
DUMPBIN=''
ECHO_C=''
ECHO_N='-n'
ECHO_T=''
EGREP='/bin/grep -E'
ENABLE_GTK2_FALSE=''
ENABLE_GTK2_TRUE='#'
ENABLE_GTK3_FALSE='#'
ENABLE_GTK3_TRUE=''
ENABLE_GTK_DOC_FALSE=''
ENABLE_GTK_DOC_TRUE=''
ENABLE_VAPIGEN_FALSE=''
ENABLE_VAPIGEN_TRUE='#'
EXEEXT=''
FGREP='/bin/grep -F'
GETTEXT_PACKAGE='gtkspell3'
GMOFILES=''
GMSGFMT='/usr/bin/msgfmt'
GREP='/bin/grep'
GTKDOC_CHECK=''
GTKDOC_CHECK_PATH=''
GTKDOC_DEPS_CFLAGS=''
GTKDOC_DEPS_LIBS=''
GTKDOC_MKPDF=''
GTKDOC_REBASE=''
GTKSPELL2_MODULES=''
GTKSPELL3_MODULES='glib-2.0 gtk+-3.0 enchant'
GTK_DOC_BUILD_HTML_FALSE=''
GTK_DOC_BUILD_HTML_TRUE=''
GTK_DOC_BUILD_PDF_FALSE=''
GTK_DOC_BUILD_PDF_TRUE=''
GTK_DOC_USE_LIBTOOL_FALSE=''
GTK_DOC_USE_LIBTOOL_TRUE=''
GTK_DOC_USE_REBASE_FALSE=''
GTK_DOC_USE_REBASE_TRUE=''
GTK_SPELL2_CFLAGS=''
GTK_SPELL2_LIBS=''
GTK_SPELL3_CFLAGS=''
GTK_SPELL3_LIBS=''
GTK_SPELL_SO_VERSION='1:0:1'
GTK_SPELL_VERSION_MICRO='6'
GTK_SPELL_VERSION_MINOR='0'
HAVE_GTK_DOC_FALSE=''
HAVE_GTK_DOC_TRUE=''
HAVE_INTROSPECTION_FALSE=''
HAVE_INTROSPECTION_TRUE='#'
HAVE_ISO_CODES_FALSE=''
HAVE_ISO_CODES_TRUE=''
HAVE_VALAC_FALSE='#'
HAVE_VALAC_TRUE=''
HTML_DIR=''
INSTALL_DATA='${INSTALL} -m 644'
INSTALL_PROGRAM='${INSTALL}'
INSTALL_SCRIPT='${INSTALL}'
INSTALL_STRIP_PROGRAM='$(install_sh) -c -s'
INSTOBJEXT='.mo'
INTLLIBS=''
INTLTOOL_CAVES_RULE='%.caves:     %.caves.in     $(INTLTOOL_MERGE) $(wildcard $(top_srcdir)/po/*.po) ; $(INTLTOOL_V_MERGE)LC_ALL=C $(INTLTOOL_MERGE) $(INTLTOOL_V_MERGE_OPTIONS) -d -u -c $(top_builddir)/po/.intltool-merge-cache $(top_srcdir)/po $< $@'
INTLTOOL_DESKTOP_RULE='%.desktop:   %.desktop.in   $(INTLTOOL_MERGE) $(wildcard $(top_srcdir)/po/*.po) ; $(INTLTOOL_V_MERGE)LC_ALL=C $(INTLTOOL_MERGE) $(INTLTOOL_V_MERGE_OPTIONS) -d -u -c $(top_builddir)/po/.intltool-merge-cache $(top_srcdir)/po $< $@'
INTLTOOL_DIRECTORY_RULE='%.directory: %.directory.in $(INTLTOOL_MERGE) $(wildcard $(top_srcdir)/po/*.po) ; $(INTLTOOL_V_MERGE)LC_ALL=C $(INTLTOOL_MERGE) $(INTLTOOL_V_MERGE_OPTIONS) -d -u -c $(top_builddir)/po/.intltool-merge-cache $(top_srcdir)/po $< $@'
INTLTOOL_EXTRACT='/usr/bin/intltool-extract'
INTLTOOL_KBD_RULE='%.kbd:       %.kbd.in       $(INTLTOOL_MERGE) $(wildcard $(top_srcdir)/po/*.po) ; $(INTLTOOL_V_MERGE)LC_ALL=C $(INTLTOOL_MERGE) $(INTLTOOL_V_MERGE_OPTIONS) -x -u -m -c $(top_builddir)/po/.intltool-merge-cache $(top_srcdir)/po $< $@'
INTLTOOL_KEYS_RULE='%.keys:      %.keys.in      $(INTLTOOL_MERGE) $(wildcard $(top_srcdir)/po/*.po) ; $(INTLTOOL_V_MERGE)LC_ALL=C $(INTLTOOL_MERGE) $(INTLTOOL_V_MERGE_OPTIONS) -k -u -c $(top_builddir)/po/.intltool-merge-cache $(top_srcdir)/po $< $@'
INTLTOOL_MERGE='/usr/bin/intltool-merge'
INTLTOOL_OAF_RULE='%.oaf:       %.oaf.in       $(INTLTOOL_MERGE) $(wildcard $(top_srcdir)/po/*.po) ; $(INTLTOOL_V_MERGE)LC_ALL=C $(INTLTOOL_MERGE) $(INTLTOOL_V_MERGE_OPTIONS) -o -p $(top_srcdir)/po $< $@'
INTLTOOL_PERL='/usr/bin/perl'
INTLTOOL_POLICY_RULE='%.policy:    %.policy.in    $(INTLTOOL_MERGE) $(wildcard $(top_srcdir)/po/*.po) ; $(INTLTOOL_V_MERGE)LC_ALL=C $(INTLTOOL_MERGE) $(INTLTOOL_V_MERGE_OPTIONS) -x -u -c $(top_builddir)/po/.intltool-merge-cache $(top_srcdir)/po $< $@'
INTLTOOL_PONG_RULE='%.pong:      %.pong.in      $(INTLTOOL_MERGE) $(wildcard $(top_srcdir)/po/*.po) ; $(INTLTOOL_V_MERGE)LC_ALL=C $(INTLTOOL_MERGE) $(INTLTOOL_V_MERGE_OPTIONS) -x -u -c $(top_builddir)/po/.intltool-merge-cache $(top_srcdir)/po $< $@'
INTLTOOL_PROP_RULE='%.prop:      %.prop.in      $(INTLTOOL_MERGE) $(wildcard $(top_srcdir)/po/*.po) ; $(INTLTOOL_V_MERGE)LC_ALL=C $(INTLTOOL_MERGE) $(INTLTOOL_V_MERGE_OPTIONS) -d -u -c $(top_builddir)/po/.intltool-merge-cache $(top_srcdir)/po $< $@'
INTLTOOL_SCHEMAS_RULE='%.schemas:   %.schemas.in   $(INTLTOOL_MERGE) $(wildcard $(top_srcdir)/po/*.po) ; $(INTLTOOL_V_MERGE)LC_ALL=C $(INTLTOOL_MERGE) $(INTLTOOL_V_MERGE_OPTIONS) -s -u -c $(top_builddir)/po/.intltool-merge-cache $(top_srcdir)/po $< $@'
INTLTOOL_SERVER_RULE='%.server:    %.server.in    $(INTLTOOL_MERGE) $(wildcard $(top_srcdir)/po/*.po) ; $(INTLTOOL_V_MERGE)LC_ALL=C $(INTLTOOL_MERGE) $(INTLTOOL_V_MERGE_OPTIONS) -o -u -c $(top_builddir)/po/.intltool-merge-cache $(top_srcdir)/po $< $@'
INTLTOOL_SERVICE_RULE='%.service: %.service.in   $(INTLTOOL_MERGE) $(wildcard $(top_srcdir)/po/*.po) ; $(INTLTOOL_V_MERGE)LC_ALL=C $(INTLTOOL_MERGE) $(INTLTOOL_V_MERGE_OPTIONS) -d -u -c $(top_builddir)/po/.intltool-merge-cache $(top_srcdir)/po $< $@'
INTLTOOL_SHEET_RULE='%.sheet:     %.sheet.in     $(INTLTOOL_MERGE) $(wildcard $(top_srcdir)/po/*.po) ; $(INTLTOOL_V_MERGE)LC_ALL=C $(INTLTOOL_MERGE) $(INTLTOOL_V_MERGE_OPTIONS) -x -u -c $(top_builddir)/po/.intltool-merge-cache $(top_srcdir)/po $< $@'
INTLTOOL_SOUNDLIST_RULE='%.soundlist: %.soundlist.in $(INTLTOOL_MERGE) $(wildcard $(top_srcdir)/po/*.po) ; $(INTLTOOL_V_MERGE)LC_ALL=C $(INTLTOOL_MERGE) $(INTLTOOL_V_MERGE_OPTIONS) -d -u -c $(top_builddir)/po/.intltool-merge-cache $(top_srcdir)/po $< $@'
INTLTOOL_THEME_RULE='%.theme:     %.theme.in     $(INTLTOOL_MERGE) $(wildcard $(top_srcdir)/po/*.po) ; $(INTLTOOL_V_MERGE)LC_ALL=C $(INTLTOOL_MERGE) $(INTLTOOL_V_MERGE_OPTIONS) -d -u -c $(top_builddir)/po/.intltool-merge-cache $(top_srcdir)/po $< $@'
INTLTOOL_UI_RULE='%.ui:        %.ui.in        $(INTLTOOL_MERGE) $(wildcard $(top_srcdir)/po/*.po) ; $(INTLTOOL_V_MERGE)LC_ALL=C $(INTLTOOL_MERGE) $(INTLTOOL_V_MERGE_OPTIONS) -x -u -c $(top_builddir)/po/.intltool-merge-cache $(top_srcdir)/po $< $@'
INTLTOOL_UPDATE='/usr/bin/intltool-update'
INTLTOOL_V_MERGE='$(INTLTOOL__v_MERGE_$(V))'
INTLTOOL_V_MERGE_OPTIONS='$(intltool__v_merge_options_$(V))'
INTLTOOL_XAM_RULE='%.xam:       %.xml.in       $(INTLTOOL_MERGE) $(wildcard $(top_srcdir)/po/*.po) ; $(INTLTOOL_V_MERGE)LC_ALL=C $(INTLTOOL_MERGE) $(INTLTOOL_V_MERGE_OPTIONS) -x -u -c $(top_builddir)/po/.intltool-merge-cache $(top_srcdir)/po $< $@'
INTLTOOL_XML_NOMERGE_RULE='%.xml:       %.xml.in       $(INTLTOOL_MERGE) ; $(INTLTOOL_V_MERGE)LC_ALL=C $(INTLTOOL_MERGE) $(INTLTOOL_V_MERGE_OPTIONS) -x -u --no-translations $< $@'
INTLTOOL_XML_RULE='%.xml:       %.xml.in       $(INTLTOOL_MERGE) $(wildcard $(top_srcdir)/po/*.po) ; $(INTLTOOL_V_MERGE)LC_ALL=C $(INTLTOOL_MERGE) $(INTLTOOL_V_MERGE_OPTIONS) -x -u -c $(top_builddir)/po/.intltool-merge-cache $(top_srcdir)/po $< $@'
INTLTOOL__v_MERGE_0='@echo "  ITMRG " $@;'
INTLTOOL__v_MERGE_='$(INTLTOOL__v_MERGE_$(AM_DEFAULT_VERBOSITY))'
INTROSPECTION_CFLAGS=''
INTROSPECTION_COMPILER=''
INTROSPECTION_GENERATE=''
INTROSPECTION_GIRDIR=''
INTROSPECTION_LIBS=''
INTROSPECTION_MAKEFILE=''
INTROSPECTION_SCANNER=''
INTROSPECTION_TYPELIBDIR=''
LD='/usr/bin/ld -m elf_x86_64'
LDFLAGS=''
LIBOBJS=''
LIBS=''
LIBTOOL='$(SHELL) $(top_builddir)/libtool'
LIPO=''
LN_S='ln -s'
LTLIBOBJS=''
MAKEINFO='${SHELL} /home/shelby/Documents/OCR/src/gtkspell3-3.0.6/build/missing makeinfo'
MANIFEST_TOOL=':'
MKDIR_P='/bin/mkdir -p'
MKINSTALLDIRS='build/mkinstalldirs'
MSGFMT='/usr/bin/msgfmt'
MSGFMT_OPTS='-c'
MSGMERGE='/usr/bin/msgmerge'
NM='/usr/bin/nm -B'
NMEDIT=''
OBJDUMP='objdump'
OBJEXT='o'
OTOOL64=''
OTOOL=''
PACKAGE='gtkspell3'
PACKAGE_BUGREPORT=''
PACKAGE_NAME='gtkspell3'
PACKAGE_STRING='gtkspell3 3.0.6'
PACKAGE_TARNAME='gtkspell3'
PACKAGE_URL=''
PACKAGE_VERSION='3.0.6'
PATH_SEPARATOR=':'
PKG_CONFIG='/usr/bin/pkg-config'
PKG_CONFIG_LIBDIR=''
PKG_CONFIG_PATH=''
PLATFORM_WIN32_FALSE=''
PLATFORM_WIN32_TRUE=''
POFILES=''
POSUB='po'
PO_IN_DATADIR_FALSE=''
PO_IN_DATADIR_TRUE=''
RANLIB='ranlib'
SED='/bin/sed'
SET_MAKE=''
SHELL='/bin/bash'
SPEC_ENABLE_GTK2=''
SPEC_ENABLE_GTK3=''
SPEC_ENABLE_GTK_DOC=''
SPEC_ENABLE_VALA=''
STRIP='strip'
USE_NLS='yes'
VALAC='valac'
VAPIGEN=''
VAPIGEN_MAKEFILE=''
VAPIGEN_VAPIDIR=''
VERSION='3.0.6'
XGETTEXT='/usr/bin/xgettext'
ac_ct_AR='ar'
ac_ct_CC='gcc'
ac_ct_DUMPBIN=''
am__EXEEXT_FALSE=''
am__EXEEXT_TRUE=''
am__fastdepCC_FALSE='#'
am__fastdepCC_TRUE=''
am__include='include'
am__isrc=''
am__leading_dot='.'
am__nodep='_no'
am__quote=''
am__tar='$${TAR-tar} chof - "$$tardir"'
am__untar='$${TAR-tar} xf -'
bindir='${exec_prefix}/bin'
build='x86_64-unknown-linux-gnu'
build_alias=''
build_cpu='x86_64'
build_os='linux-gnu'
build_vendor='unknown'
datadir='${datarootdir}'
datarootdir='${prefix}/share'
docdir='${datarootdir}/doc/${PACKAGE_TARNAME}'
dvidir='${docdir}'
exec_prefix='NONE'
host='x86_64-unknown-linux-gnu'
host_alias=''
host_cpu='x86_64'
host_os='linux-gnu'
host_vendor='unknown'
htmldir='${docdir}'
includedir='${prefix}/include'
infodir='${datarootdir}/info'
install_sh='${SHELL} /home/shelby/Documents/OCR/src/gtkspell3-3.0.6/build/install-sh'
intltool__v_merge_options_0='-q'
intltool__v_merge_options_='$(intltool__v_merge_options_$(AM_DEFAULT_VERBOSITY))'
libdir='${exec_prefix}/lib'
libexecdir='${exec_prefix}/libexec'
localedir='${datarootdir}/locale'
localstatedir='${prefix}/var'
mandir='${datarootdir}/man'
mkdir_p='$(MKDIR_P)'
oldincludedir='/usr/include'
pdfdir='${docdir}'
prefix='NONE'
program_transform_name='s,x,x,'
psdir='${docdir}'
sbindir='${exec_prefix}/sbin'
sharedstatedir='${prefix}/com'
sysconfdir='${prefix}/etc'
target_alias=''

## ----------- ##
## confdefs.h. ##
## ----------- ##

/* confdefs.h */
#define PACKAGE_NAME "gtkspell3"
#define PACKAGE_TARNAME "gtkspell3"
#define PACKAGE_VERSION "3.0.6"
#define PACKAGE_STRING "gtkspell3 3.0.6"
#define PACKAGE_BUGREPORT ""
#define PACKAGE_URL ""
#define PACKAGE "gtkspell3"
#define VERSION "3.0.6"
#define GETTEXT_PACKAGE "gtkspell3"
#define STDC_HEADERS 1
#define HAVE_SYS_TYPES_H 1
#define HAVE_SYS_STAT_H 1
#define HAVE_STDLIB_H 1
#define HAVE_STRING_H 1
#define HAVE_MEMORY_H 1
#define HAVE_STRINGS_H 1
#define HAVE_INTTYPES_H 1
#define HAVE_STDINT_H 1
#define HAVE_UNISTD_H 1
#define HAVE_LOCALE_H 1
#define HAVE_LC_MESSAGES 1
#define HAVE_BIND_TEXTDOMAIN_CODESET 1
#define HAVE_GETTEXT 1
#define HAVE_DCGETTEXT 1
#define ENABLE_NLS 1
#define HAVE_DLFCN_H 1
#define LT_OBJDIR ".libs/"

configure: exit 1
